<?xml version="1.0" encoding="UTF-8"?>
<testng-results skipped="0" failed="0" total="3" passed="3">
  <reporter-output>
  </reporter-output>
  <suite name="Default suite" duration-ms="245975" started-at="2017-07-11T09:46:11Z" finished-at="2017-07-11T09:50:16Z">
    <groups>
    </groups>
    <test name="Default test" duration-ms="245975" started-at="2017-07-11T09:46:11Z" finished-at="2017-07-11T09:50:16Z">
      <class name="test_collection.Report_Writing_Tests">
        <test-method status="PASS" signature="startbrowser()[pri:0, instance:test_collection.Report_Writing_Tests@418e7838]" name="startbrowser" duration-ms="10653" started-at="2017-07-11T15:16:11Z" finished-at="2017-07-11T15:16:21Z">
          <reporter-output>
          </reporter-output>
        </test-method> <!-- startbrowser -->
        <test-method status="PASS" signature="Login()[pri:1, instance:test_collection.Report_Writing_Tests@418e7838]" name="Login" duration-ms="27727" started-at="2017-07-11T15:16:21Z" finished-at="2017-07-11T15:16:49Z">
          <reporter-output>
          </reporter-output>
        </test-method> <!-- Login -->
        <test-method status="PASS" signature="Drag_Drop_Library()[pri:8, instance:test_collection.Report_Writing_Tests@418e7838]" name="Drag_Drop_Library" duration-ms="207569" started-at="2017-07-11T15:16:49Z" description="Library Tab Section" finished-at="2017-07-11T15:20:16Z">
          <reporter-output>
          </reporter-output>
        </test-method> <!-- Drag_Drop_Library -->
      </class> <!-- test_collection.Report_Writing_Tests -->
    </test> <!-- Default test -->
  </suite> <!-- Default suite -->
</testng-results>
