<?xml version="1.0" encoding="UTF-8"?>
<testng-results skipped="0" failed="0" ignored="0" total="19" passed="19">
  <reporter-output>
  </reporter-output>
  <suite name="Default suite" duration-ms="1992383" started-at="2017-05-09T11:55:27Z" finished-at="2017-05-09T12:28:39Z">
    <groups>
    </groups>
    <test name="Default test" duration-ms="1992383" started-at="2017-05-09T11:55:27Z" finished-at="2017-05-09T12:28:39Z">
      <class name="test_collection.Main_Appendices">
        <test-method status="PASS" signature="login()[pri:1, instance:test_collection.Main_Appendices@350aac89]" name="login" duration-ms="20934" started-at="2017-05-09T17:25:27Z" finished-at="2017-05-09T17:25:48Z">
          <reporter-output>
          </reporter-output>
        </test-method> <!-- login -->
        <test-method status="PASS" signature="Check_Appendices_Tab()[pri:2, instance:test_collection.Main_Appendices@350aac89]" name="Check_Appendices_Tab" duration-ms="121730" started-at="2017-05-09T17:25:48Z" finished-at="2017-05-09T17:27:50Z">
          <reporter-output>
          </reporter-output>
        </test-method> <!-- Check_Appendices_Tab -->
        <test-method status="PASS" signature="Add_Image()[pri:3, instance:test_collection.Main_Appendices@350aac89]" name="Add_Image" duration-ms="88709" started-at="2017-05-09T17:27:50Z" finished-at="2017-05-09T17:29:19Z">
          <reporter-output>
          </reporter-output>
        </test-method> <!-- Add_Image -->
        <test-method status="PASS" signature="Drag_And_Drop_Image()[pri:4, instance:test_collection.Main_Appendices@350aac89]" name="Drag_And_Drop_Image" duration-ms="26705" started-at="2017-05-09T17:29:19Z" finished-at="2017-05-09T17:29:45Z">
          <reporter-output>
          </reporter-output>
        </test-method> <!-- Drag_And_Drop_Image -->
        <test-method status="PASS" signature="View_Image()[pri:5, instance:test_collection.Main_Appendices@350aac89]" name="View_Image" duration-ms="64675" started-at="2017-05-09T17:29:45Z" finished-at="2017-05-09T17:30:50Z">
          <reporter-output>
          </reporter-output>
        </test-method> <!-- View_Image -->
        <test-method status="PASS" signature="Edit_All_Option()[pri:6, instance:test_collection.Main_Appendices@350aac89]" name="Edit_All_Option" duration-ms="97176" started-at="2017-05-09T17:30:50Z" finished-at="2017-05-09T17:32:27Z">
          <reporter-output>
          </reporter-output>
        </test-method> <!-- Edit_All_Option -->
        <test-method status="PASS" signature="Include_Exclude_Zoom_Delete_Options()[pri:7, instance:test_collection.Main_Appendices@350aac89]" name="Include_Exclude_Zoom_Delete_Options" duration-ms="50828" started-at="2017-05-09T17:32:27Z" finished-at="2017-05-09T17:33:18Z">
          <reporter-output>
          </reporter-output>
        </test-method> <!-- Include_Exclude_Zoom_Delete_Options -->
        <test-method status="PASS" signature="Check_Upload_PDF()[pri:8, instance:test_collection.Main_Appendices@350aac89]" name="Check_Upload_PDF" duration-ms="207953" started-at="2017-05-09T17:33:18Z" finished-at="2017-05-09T17:36:46Z">
          <reporter-output>
          </reporter-output>
        </test-method> <!-- Check_Upload_PDF -->
        <test-method status="PASS" signature="Check_PDF_Exclude_Include_Sort_Delete()[pri:9, instance:test_collection.Main_Appendices@350aac89]" name="Check_PDF_Exclude_Include_Sort_Delete" duration-ms="95103" started-at="2017-05-09T17:36:46Z" finished-at="2017-05-09T17:38:21Z">
          <reporter-output>
          </reporter-output>
        </test-method> <!-- Check_PDF_Exclude_Include_Sort_Delete -->
        <test-method status="PASS" signature="Check_Comments_Subtab()[pri:10, instance:test_collection.Main_Appendices@350aac89]" name="Check_Comments_Subtab" duration-ms="51510" started-at="2017-05-09T17:38:21Z" finished-at="2017-05-09T17:39:12Z">
          <reporter-output>
          </reporter-output>
        </test-method> <!-- Check_Comments_Subtab -->
        <test-method status="PASS" signature="Add_Comment()[pri:11, instance:test_collection.Main_Appendices@350aac89]" name="Add_Comment" duration-ms="162567" started-at="2017-05-09T17:39:12Z" finished-at="2017-05-09T17:41:55Z">
          <reporter-output>
          </reporter-output>
        </test-method> <!-- Add_Comment -->
        <test-method status="PASS" signature="Check_Section_Dropdown()[pri:12, instance:test_collection.Main_Appendices@350aac89]" name="Check_Section_Dropdown" duration-ms="90137" started-at="2017-05-09T17:41:55Z" finished-at="2017-05-09T17:43:25Z">
          <reporter-output>
          </reporter-output>
        </test-method> <!-- Check_Section_Dropdown -->
        <test-method status="PASS" signature="Check_Checkboxes_Functionality()[pri:13, instance:test_collection.Main_Appendices@350aac89]" name="Check_Checkboxes_Functionality" duration-ms="110649" started-at="2017-05-09T17:43:25Z" finished-at="2017-05-09T17:45:16Z">
          <reporter-output>
          </reporter-output>
        </test-method> <!-- Check_Checkboxes_Functionality -->
        <test-method status="PASS" signature="Refresh_OpenAll_CloseAll_Delete_Functionality()[pri:14, instance:test_collection.Main_Appendices@350aac89]" name="Refresh_OpenAll_CloseAll_Delete_Functionality" duration-ms="71476" started-at="2017-05-09T17:45:16Z" finished-at="2017-05-09T17:46:27Z">
          <reporter-output>
          </reporter-output>
        </test-method> <!-- Refresh_OpenAll_CloseAll_Delete_Functionality -->
        <test-method status="PASS" signature="Add_Communication_Record()[pri:15, instance:test_collection.Main_Appendices@350aac89]" name="Add_Communication_Record" duration-ms="69892" started-at="2017-05-09T17:46:27Z" finished-at="2017-05-09T17:47:37Z">
          <reporter-output>
          </reporter-output>
        </test-method> <!-- Add_Communication_Record -->
        <test-method status="PASS" signature="Add_ADA_Checklist()[pri:16, instance:test_collection.Main_Appendices@350aac89]" name="Add_ADA_Checklist" duration-ms="287554" started-at="2017-05-09T17:47:37Z" finished-at="2017-05-09T17:52:25Z">
          <reporter-output>
          </reporter-output>
        </test-method> <!-- Add_ADA_Checklist -->
        <test-method status="PASS" signature="Add_FHA_Checklist()[pri:17, instance:test_collection.Main_Appendices@350aac89]" name="Add_FHA_Checklist" duration-ms="156793" started-at="2017-05-09T17:52:25Z" finished-at="2017-05-09T17:55:02Z">
          <reporter-output>
          </reporter-output>
        </test-method> <!-- Add_FHA_Checklist -->
        <test-method status="PASS" signature="Add_User_Questionnaire()[pri:18, instance:test_collection.Main_Appendices@350aac89]" name="Add_User_Questionnaire" duration-ms="155622" started-at="2017-05-09T17:55:02Z" finished-at="2017-05-09T17:57:37Z">
          <reporter-output>
          </reporter-output>
        </test-method> <!-- Add_User_Questionnaire -->
        <test-method status="PASS" signature="Send_Questionnaire_Email()[pri:19, instance:test_collection.Main_Appendices@350aac89]" name="Send_Questionnaire_Email" duration-ms="62315" started-at="2017-05-09T17:57:37Z" finished-at="2017-05-09T17:58:39Z">
          <reporter-output>
          </reporter-output>
        </test-method> <!-- Send_Questionnaire_Email -->
      </class> <!-- test_collection.Main_Appendices -->
    </test> <!-- Default test -->
  </suite> <!-- Default suite -->
</testng-results>
