<?xml version="1.0" encoding="UTF-8"?>
<!-- Generated by org.testng.reporters.JUnitXMLReporter -->
<testsuite hostname="H8" ignored="0" name="Default test" tests="31" failures="0" timestamp="11 May 2017 12:38:46 GMT" time="1922.539" errors="0">
  <testcase name="testLogin" time="27.188" classname="testsExecution.Tests1"/>
  <testcase name="testLogin on testsExecution.Tests2: Build info: version: &#039;unknown&#039;, revision: &#039;5234b32&#039;, time: &#039;2017-03-10 09:00:17 -0800&#039;
System info: host: &#039;H8&#039;, ip: &#039;10.26.41.174&#039;, os.name: &#039;Windows 8.1&#039;, os.arch: &#039;amd64&#039;, os.version: &#039;6.3&#039;, java.version: &#039;1.8.0_60&#039;
Driver info: driver.version: unknown" time="28.236" classname="testsExecution.Tests2"/>
  <testcase name="testMethod1" time="2.135" classname="testsExecution.Tests1"/>
  <testcase name="testMethod2" time="43.136" classname="testsExecution.Tests1"/>
  <testcase name="testMethod3" time="12.913" classname="testsExecution.Tests1"/>
  <testcase name="testMethod4" time="14.567" classname="testsExecution.Tests1"/>
  <testcase name="testMethod5" time="90.006" classname="testsExecution.Tests1"/>
  <testcase name="testMethod6" time="104.252" classname="testsExecution.Tests1"/>
  <testcase name="testMethod7" time="22.115" classname="testsExecution.Tests1"/>
  <testcase name="testMethod8" time="42.986" classname="testsExecution.Tests1"/>
  <testcase name="testMethod9" time="47.286" classname="testsExecution.Tests1"/>
  <testcase name="testMethod10" time="71.149" classname="testsExecution.Tests1"/>
  <testcase name="testMethod11" time="220.041" classname="testsExecution.Tests1"/>
  <testcase name="testMethod12" time="55.377" classname="testsExecution.Tests1"/>
  <testcase name="testMethod13" time="101.049" classname="testsExecution.Tests1"/>
  <testcase name="testMethod14" time="84.261" classname="testsExecution.Tests1"/>
  <testcase name="testMethod15" time="43.534" classname="testsExecution.Tests1"/>
  <testcase name="logoutMethod" time="21.987" classname="testsExecution.Tests1"/>
  <testcase name="testMethod17 on testsExecution.Tests2: Build info: version: &#039;unknown&#039;, revision: &#039;5234b32&#039;, time: &#039;2017-03-10 09:00:17 -0800&#039;
System info: host: &#039;H8&#039;, ip: &#039;10.26.41.174&#039;, os.name: &#039;Windows 8.1&#039;, os.arch: &#039;amd64&#039;, os.version: &#039;6.3&#039;, java.version: &#039;1.8.0_60&#039;
Driver info: driver.version: unknown" time="99.091" classname="testsExecution.Tests2"/>
  <testcase name="testMethod18 on testsExecution.Tests2: Build info: version: &#039;unknown&#039;, revision: &#039;5234b32&#039;, time: &#039;2017-03-10 09:00:17 -0800&#039;
System info: host: &#039;H8&#039;, ip: &#039;10.26.41.174&#039;, os.name: &#039;Windows 8.1&#039;, os.arch: &#039;amd64&#039;, os.version: &#039;6.3&#039;, java.version: &#039;1.8.0_60&#039;
Driver info: driver.version: unknown" time="80.791" classname="testsExecution.Tests2"/>
  <testcase name="testMethod19 on testsExecution.Tests2: Build info: version: &#039;unknown&#039;, revision: &#039;5234b32&#039;, time: &#039;2017-03-10 09:00:17 -0800&#039;
System info: host: &#039;H8&#039;, ip: &#039;10.26.41.174&#039;, os.name: &#039;Windows 8.1&#039;, os.arch: &#039;amd64&#039;, os.version: &#039;6.3&#039;, java.version: &#039;1.8.0_60&#039;
Driver info: driver.version: unknown" time="148.224" classname="testsExecution.Tests2"/>
  <testcase name="testMethod21 on testsExecution.Tests2: Build info: version: &#039;unknown&#039;, revision: &#039;5234b32&#039;, time: &#039;2017-03-10 09:00:17 -0800&#039;
System info: host: &#039;H8&#039;, ip: &#039;10.26.41.174&#039;, os.name: &#039;Windows 8.1&#039;, os.arch: &#039;amd64&#039;, os.version: &#039;6.3&#039;, java.version: &#039;1.8.0_60&#039;
Driver info: driver.version: unknown" time="38.329" classname="testsExecution.Tests2"/>
  <testcase name="testMethod22 on testsExecution.Tests2: Build info: version: &#039;unknown&#039;, revision: &#039;5234b32&#039;, time: &#039;2017-03-10 09:00:17 -0800&#039;
System info: host: &#039;H8&#039;, ip: &#039;10.26.41.174&#039;, os.name: &#039;Windows 8.1&#039;, os.arch: &#039;amd64&#039;, os.version: &#039;6.3&#039;, java.version: &#039;1.8.0_60&#039;
Driver info: driver.version: unknown" time="38.435" classname="testsExecution.Tests2"/>
  <testcase name="testMethod23 on testsExecution.Tests2: Build info: version: &#039;unknown&#039;, revision: &#039;5234b32&#039;, time: &#039;2017-03-10 09:00:17 -0800&#039;
System info: host: &#039;H8&#039;, ip: &#039;10.26.41.174&#039;, os.name: &#039;Windows 8.1&#039;, os.arch: &#039;amd64&#039;, os.version: &#039;6.3&#039;, java.version: &#039;1.8.0_60&#039;
Driver info: driver.version: unknown" time="32.512" classname="testsExecution.Tests2"/>
  <testcase name="testMethod26 on testsExecution.Tests2: Build info: version: &#039;unknown&#039;, revision: &#039;5234b32&#039;, time: &#039;2017-03-10 09:00:17 -0800&#039;
System info: host: &#039;H8&#039;, ip: &#039;10.26.41.174&#039;, os.name: &#039;Windows 8.1&#039;, os.arch: &#039;amd64&#039;, os.version: &#039;6.3&#039;, java.version: &#039;1.8.0_60&#039;
Driver info: driver.version: unknown" time="38.112" classname="testsExecution.Tests2"/>
  <testcase name="testMethod27 on testsExecution.Tests2: Build info: version: &#039;unknown&#039;, revision: &#039;5234b32&#039;, time: &#039;2017-03-10 09:00:17 -0800&#039;
System info: host: &#039;H8&#039;, ip: &#039;10.26.41.174&#039;, os.name: &#039;Windows 8.1&#039;, os.arch: &#039;amd64&#039;, os.version: &#039;6.3&#039;, java.version: &#039;1.8.0_60&#039;
Driver info: driver.version: unknown" time="23.661" classname="testsExecution.Tests2"/>
  <testcase name="testMethod28 on testsExecution.Tests2: Build info: version: &#039;unknown&#039;, revision: &#039;5234b32&#039;, time: &#039;2017-03-10 09:00:17 -0800&#039;
System info: host: &#039;H8&#039;, ip: &#039;10.26.41.174&#039;, os.name: &#039;Windows 8.1&#039;, os.arch: &#039;amd64&#039;, os.version: &#039;6.3&#039;, java.version: &#039;1.8.0_60&#039;
Driver info: driver.version: unknown" time="48.772" classname="testsExecution.Tests2"/>
  <testcase name="testMethod29 on testsExecution.Tests2: Build info: version: &#039;unknown&#039;, revision: &#039;5234b32&#039;, time: &#039;2017-03-10 09:00:17 -0800&#039;
System info: host: &#039;H8&#039;, ip: &#039;10.26.41.174&#039;, os.name: &#039;Windows 8.1&#039;, os.arch: &#039;amd64&#039;, os.version: &#039;6.3&#039;, java.version: &#039;1.8.0_60&#039;
Driver info: driver.version: unknown" time="77.872" classname="testsExecution.Tests2"/>
  <testcase name="testMethod30 on testsExecution.Tests2: Build info: version: &#039;unknown&#039;, revision: &#039;5234b32&#039;, time: &#039;2017-03-10 09:00:17 -0800&#039;
System info: host: &#039;H8&#039;, ip: &#039;10.26.41.174&#039;, os.name: &#039;Windows 8.1&#039;, os.arch: &#039;amd64&#039;, os.version: &#039;6.3&#039;, java.version: &#039;1.8.0_60&#039;
Driver info: driver.version: unknown" time="134.995" classname="testsExecution.Tests2"/>
  <testcase name="testMethod31 on testsExecution.Tests2: Build info: version: &#039;unknown&#039;, revision: &#039;5234b32&#039;, time: &#039;2017-03-10 09:00:17 -0800&#039;
System info: host: &#039;H8&#039;, ip: &#039;10.26.41.174&#039;, os.name: &#039;Windows 8.1&#039;, os.arch: &#039;amd64&#039;, os.version: &#039;6.3&#039;, java.version: &#039;1.8.0_60&#039;
Driver info: driver.version: unknown" time="37.695" classname="testsExecution.Tests2"/>
  <testcase name="testMethod32 on testsExecution.Tests2: Build info: version: &#039;unknown&#039;, revision: &#039;5234b32&#039;, time: &#039;2017-03-10 09:00:17 -0800&#039;
System info: host: &#039;H8&#039;, ip: &#039;10.26.41.174&#039;, os.name: &#039;Windows 8.1&#039;, os.arch: &#039;amd64&#039;, os.version: &#039;6.3&#039;, java.version: &#039;1.8.0_60&#039;
Driver info: driver.version: unknown" time="55.834" classname="testsExecution.Tests2"/>
</testsuite> <!-- Default test -->
