<?xml version="1.0" encoding="UTF-8"?>
<!-- Generated by org.testng.reporters.JUnitXMLReporter -->
<testsuite hostname="H8" name="Default test" tests="24" failures="0" timestamp="1 Mar 2017 10:04:11 GMT" time="1558.566" errors="0">
  <testcase name="testLogin" time="25.827" classname="testsExecution.Tests1"/>
  <testcase name="testMethod1" time="2.253" classname="testsExecution.Tests1"/>
  <testcase name="testMethod2" time="39.769" classname="testsExecution.Tests1"/>
  <testcase name="testMethod3" time="8.109" classname="testsExecution.Tests1"/>
  <testcase name="testMethod4" time="13.222" classname="testsExecution.Tests1"/>
  <testcase name="testMethod5" time="129.169" classname="testsExecution.Tests1"/>
  <testcase name="testMethod6" time="100.98" classname="testsExecution.Tests1"/>
  <testcase name="testMethod7" time="17.141" classname="testsExecution.Tests1"/>
  <testcase name="testMethod8" time="36.491" classname="testsExecution.Tests1"/>
  <testcase name="testMethod9" time="43.628" classname="testsExecution.Tests1"/>
  <testcase name="testMethod10" time="62.611" classname="testsExecution.Tests1"/>
  <testcase name="testMethod11" time="159.168" classname="testsExecution.Tests1"/>
  <testcase name="testMethod12" time="38.329" classname="testsExecution.Tests1"/>
  <testcase name="testMethod13" time="85.867" classname="testsExecution.Tests1"/>
  <testcase name="testMethod14" time="71.067" classname="testsExecution.Tests1"/>
  <testcase name="testMethod15" time="32.576" classname="testsExecution.Tests1"/>
  <testcase name="logoutMethod" time="20.015" classname="testsExecution.Tests1"/>
  <testcase name="testLogin on testsExecution.Tests2: Build info: version: &#039;2.53.1&#039;, revision: &#039;a36b8b1&#039;, time: &#039;2016-06-30 17:32:46&#039;
System info: host: &#039;H8&#039;, ip: &#039;10.26.41.161&#039;, os.name: &#039;Windows 8.1&#039;, os.arch: &#039;amd64&#039;, os.version: &#039;6.3&#039;, java.version: &#039;1.8.0_60&#039;
Driver info: driver.version: unknown" time="27.456" classname="testsExecution.Tests2"/>
  <testcase name="testMethod27 on testsExecution.Tests2: Build info: version: &#039;2.53.1&#039;, revision: &#039;a36b8b1&#039;, time: &#039;2016-06-30 17:32:46&#039;
System info: host: &#039;H8&#039;, ip: &#039;10.26.41.161&#039;, os.name: &#039;Windows 8.1&#039;, os.arch: &#039;amd64&#039;, os.version: &#039;6.3&#039;, java.version: &#039;1.8.0_60&#039;
Driver info: driver.version: unknown" time="44.614" classname="testsExecution.Tests2"/>
  <testcase name="testLogin" time="26.575" classname="testsExecution.Tests3"/>
  <testcase name="testMethod36" time="50.58" classname="testsExecution.Tests3"/>
  <testcase name="testMethod37" time="39.64" classname="testsExecution.Tests3"/>
  <testcase name="testMethod38" time="46.731" classname="testsExecution.Tests3"/>
  <testcase name="testMethod25" time="40.932" classname="testsExecution.Tests3"/>
</testsuite> <!-- Default test -->
