<?xml version="1.0" encoding="UTF-8"?>
<!-- Generated by org.testng.reporters.JUnitXMLReporter -->
<testsuite hostname="Compumatrice" name="Default test" tests="14" failures="0" timestamp="7 Jul 2017 12:00:40 GMT" time="1857.812" errors="0">
  <testcase name="login" time="23.872" classname="main_file.Main_Report_Delivery"/>
  <testcase name="Download_Report" time="87.637" classname="main_file.Main_Report_Delivery"/>
  <testcase name="View_Transmittal_Letter" time="13.904" classname="main_file.Main_Report_Delivery"/>
  <testcase name="View_Cover_Page" time="13.925" classname="main_file.Main_Report_Delivery"/>
  <testcase name="Edit_Transmittal_Letter" time="1218.448" classname="main_file.Main_Report_Delivery"/>
  <testcase name="Edit_Cover_Page" time="86.619" classname="main_file.Main_Report_Delivery"/>
  <testcase name="Download_Previously_Generated_Reports" time="23.879" classname="main_file.Main_Report_Delivery"/>
  <testcase name="Upload_Document_Transmittal_Letter" time="95.383" classname="main_file.Main_Report_Delivery"/>
  <testcase name="Upload_Document_Cover_Page" time="92.58" classname="main_file.Main_Report_Delivery"/>
  <testcase name="Upload_Invalid_File_Transmittal_Letter" time="43.979" classname="main_file.Main_Report_Delivery"/>
  <testcase name="Upload_Invalid_File_Cover_Page" time="44.006" classname="main_file.Main_Report_Delivery"/>
  <testcase name="Email_Link_To_Client" time="92.279" classname="main_file.Main_Report_Delivery"/>
  <testcase name="Disable_Email_Link" time="7.437" classname="main_file.Main_Report_Delivery"/>
  <testcase name="LogOut" time="13.806" classname="main_file.Main_Report_Delivery"/>
</testsuite> <!-- Default test -->
