<?xml version="1.0" encoding="UTF-8"?>
<testng-results skipped="0" failed="0" ignored="0" total="31" passed="31">
  <reporter-output>
  </reporter-output>
  <suite name="Default suite" duration-ms="1922539" started-at="2017-05-11T12:06:44Z" finished-at="2017-05-11T12:38:46Z">
    <groups>
    </groups>
    <test name="Default test" duration-ms="1922539" started-at="2017-05-11T12:06:44Z" finished-at="2017-05-11T12:38:46Z">
      <class name="testsExecution.Tests2">
        <test-method status="PASS" signature="beforeTest1()[pri:0, instance:testsExecution.Tests2: Build info: version: &#039;unknown&#039;, revision: &#039;5234b32&#039;, time: &#039;2017-03-10 09:00:17 -0800&#039;
System info: host: &#039;H8&#039;, ip: &#039;10.26.41.174&#039;, os.name: &#039;Windows 8.1&#039;, os.arch: &#039;amd64&#039;, os.version: &#039;6.3&#039;, java.version: &#039;1.8.0_60&#039;
Driver info: driver.version: unknown]" name="beforeTest1" is-config="true" duration-ms="13938" started-at="2017-05-11T17:37:30Z" finished-at="2017-05-11T17:37:44Z">
          <reporter-output>
          </reporter-output>
        </test-method> <!-- beforeTest1 -->
        <test-method status="PASS" signature="testLogin()[pri:0, instance:testsExecution.Tests2: Build info: version: &#039;unknown&#039;, revision: &#039;5234b32&#039;, time: &#039;2017-03-10 09:00:17 -0800&#039;
System info: host: &#039;H8&#039;, ip: &#039;10.26.41.174&#039;, os.name: &#039;Windows 8.1&#039;, os.arch: &#039;amd64&#039;, os.version: &#039;6.3&#039;, java.version: &#039;1.8.0_60&#039;
Driver info: driver.version: unknown]" name="testLogin" duration-ms="28236" started-at="2017-05-11T17:37:44Z" description="TestCase# login" finished-at="2017-05-11T17:38:12Z">
          <reporter-output>
          </reporter-output>
        </test-method> <!-- testLogin -->
        <test-method status="PASS" signature="testMethod17()[pri:17, instance:testsExecution.Tests2: Build info: version: &#039;unknown&#039;, revision: &#039;5234b32&#039;, time: &#039;2017-03-10 09:00:17 -0800&#039;
System info: host: &#039;H8&#039;, ip: &#039;10.26.41.174&#039;, os.name: &#039;Windows 8.1&#039;, os.arch: &#039;amd64&#039;, os.version: &#039;6.3&#039;, java.version: &#039;1.8.0_60&#039;
Driver info: driver.version: unknown]" name="testMethod17" duration-ms="99091" started-at="2017-05-11T17:54:31Z" description="TestCase# 17" finished-at="2017-05-11T17:56:10Z">
          <reporter-output>
          </reporter-output>
        </test-method> <!-- testMethod17 -->
        <test-method status="PASS" signature="testMethod18()[pri:18, instance:testsExecution.Tests2: Build info: version: &#039;unknown&#039;, revision: &#039;5234b32&#039;, time: &#039;2017-03-10 09:00:17 -0800&#039;
System info: host: &#039;H8&#039;, ip: &#039;10.26.41.174&#039;, os.name: &#039;Windows 8.1&#039;, os.arch: &#039;amd64&#039;, os.version: &#039;6.3&#039;, java.version: &#039;1.8.0_60&#039;
Driver info: driver.version: unknown]" name="testMethod18" duration-ms="80791" started-at="2017-05-11T17:56:10Z" description="TestCase# 18" finished-at="2017-05-11T17:57:31Z">
          <reporter-output>
          </reporter-output>
        </test-method> <!-- testMethod18 -->
        <test-method status="PASS" signature="testMethod19()[pri:19, instance:testsExecution.Tests2: Build info: version: &#039;unknown&#039;, revision: &#039;5234b32&#039;, time: &#039;2017-03-10 09:00:17 -0800&#039;
System info: host: &#039;H8&#039;, ip: &#039;10.26.41.174&#039;, os.name: &#039;Windows 8.1&#039;, os.arch: &#039;amd64&#039;, os.version: &#039;6.3&#039;, java.version: &#039;1.8.0_60&#039;
Driver info: driver.version: unknown]" name="testMethod19" duration-ms="148224" started-at="2017-05-11T17:57:31Z" description="TestCase# 19" finished-at="2017-05-11T17:59:59Z">
          <reporter-output>
          </reporter-output>
        </test-method> <!-- testMethod19 -->
        <test-method status="PASS" signature="testMethod21()[pri:20, instance:testsExecution.Tests2: Build info: version: &#039;unknown&#039;, revision: &#039;5234b32&#039;, time: &#039;2017-03-10 09:00:17 -0800&#039;
System info: host: &#039;H8&#039;, ip: &#039;10.26.41.174&#039;, os.name: &#039;Windows 8.1&#039;, os.arch: &#039;amd64&#039;, os.version: &#039;6.3&#039;, java.version: &#039;1.8.0_60&#039;
Driver info: driver.version: unknown]" name="testMethod21" duration-ms="38329" started-at="2017-05-11T17:59:59Z" description="TestCase# 21" finished-at="2017-05-11T18:00:37Z">
          <reporter-output>
          </reporter-output>
        </test-method> <!-- testMethod21 -->
        <test-method status="PASS" signature="testMethod22()[pri:21, instance:testsExecution.Tests2: Build info: version: &#039;unknown&#039;, revision: &#039;5234b32&#039;, time: &#039;2017-03-10 09:00:17 -0800&#039;
System info: host: &#039;H8&#039;, ip: &#039;10.26.41.174&#039;, os.name: &#039;Windows 8.1&#039;, os.arch: &#039;amd64&#039;, os.version: &#039;6.3&#039;, java.version: &#039;1.8.0_60&#039;
Driver info: driver.version: unknown]" name="testMethod22" duration-ms="38435" started-at="2017-05-11T18:00:37Z" description="TestCase# 22" finished-at="2017-05-11T18:01:16Z">
          <reporter-output>
          </reporter-output>
        </test-method> <!-- testMethod22 -->
        <test-method status="PASS" signature="testMethod23()[pri:22, instance:testsExecution.Tests2: Build info: version: &#039;unknown&#039;, revision: &#039;5234b32&#039;, time: &#039;2017-03-10 09:00:17 -0800&#039;
System info: host: &#039;H8&#039;, ip: &#039;10.26.41.174&#039;, os.name: &#039;Windows 8.1&#039;, os.arch: &#039;amd64&#039;, os.version: &#039;6.3&#039;, java.version: &#039;1.8.0_60&#039;
Driver info: driver.version: unknown]" name="testMethod23" duration-ms="32512" started-at="2017-05-11T18:01:16Z" description="TestCase# 23" finished-at="2017-05-11T18:01:48Z">
          <reporter-output>
          </reporter-output>
        </test-method> <!-- testMethod23 -->
        <test-method status="PASS" signature="testMethod26()[pri:23, instance:testsExecution.Tests2: Build info: version: &#039;unknown&#039;, revision: &#039;5234b32&#039;, time: &#039;2017-03-10 09:00:17 -0800&#039;
System info: host: &#039;H8&#039;, ip: &#039;10.26.41.174&#039;, os.name: &#039;Windows 8.1&#039;, os.arch: &#039;amd64&#039;, os.version: &#039;6.3&#039;, java.version: &#039;1.8.0_60&#039;
Driver info: driver.version: unknown]" name="testMethod26" duration-ms="38112" started-at="2017-05-11T18:01:48Z" description="TestCase# 26" finished-at="2017-05-11T18:02:26Z">
          <reporter-output>
          </reporter-output>
        </test-method> <!-- testMethod26 -->
        <test-method status="PASS" signature="testMethod27()[pri:24, instance:testsExecution.Tests2: Build info: version: &#039;unknown&#039;, revision: &#039;5234b32&#039;, time: &#039;2017-03-10 09:00:17 -0800&#039;
System info: host: &#039;H8&#039;, ip: &#039;10.26.41.174&#039;, os.name: &#039;Windows 8.1&#039;, os.arch: &#039;amd64&#039;, os.version: &#039;6.3&#039;, java.version: &#039;1.8.0_60&#039;
Driver info: driver.version: unknown]" name="testMethod27" duration-ms="23661" started-at="2017-05-11T18:02:26Z" description="TestCase# 27" finished-at="2017-05-11T18:02:50Z">
          <reporter-output>
          </reporter-output>
        </test-method> <!-- testMethod27 -->
        <test-method status="PASS" signature="testMethod28()[pri:25, instance:testsExecution.Tests2: Build info: version: &#039;unknown&#039;, revision: &#039;5234b32&#039;, time: &#039;2017-03-10 09:00:17 -0800&#039;
System info: host: &#039;H8&#039;, ip: &#039;10.26.41.174&#039;, os.name: &#039;Windows 8.1&#039;, os.arch: &#039;amd64&#039;, os.version: &#039;6.3&#039;, java.version: &#039;1.8.0_60&#039;
Driver info: driver.version: unknown]" name="testMethod28" duration-ms="48772" started-at="2017-05-11T18:02:50Z" description="TestCase# 28" finished-at="2017-05-11T18:03:39Z">
          <reporter-output>
          </reporter-output>
        </test-method> <!-- testMethod28 -->
        <test-method status="PASS" signature="testMethod29()[pri:26, instance:testsExecution.Tests2: Build info: version: &#039;unknown&#039;, revision: &#039;5234b32&#039;, time: &#039;2017-03-10 09:00:17 -0800&#039;
System info: host: &#039;H8&#039;, ip: &#039;10.26.41.174&#039;, os.name: &#039;Windows 8.1&#039;, os.arch: &#039;amd64&#039;, os.version: &#039;6.3&#039;, java.version: &#039;1.8.0_60&#039;
Driver info: driver.version: unknown]" name="testMethod29" duration-ms="77872" started-at="2017-05-11T18:03:39Z" description="TestCase# 29" finished-at="2017-05-11T18:04:57Z">
          <reporter-output>
          </reporter-output>
        </test-method> <!-- testMethod29 -->
        <test-method status="PASS" signature="testMethod30()[pri:27, instance:testsExecution.Tests2: Build info: version: &#039;unknown&#039;, revision: &#039;5234b32&#039;, time: &#039;2017-03-10 09:00:17 -0800&#039;
System info: host: &#039;H8&#039;, ip: &#039;10.26.41.174&#039;, os.name: &#039;Windows 8.1&#039;, os.arch: &#039;amd64&#039;, os.version: &#039;6.3&#039;, java.version: &#039;1.8.0_60&#039;
Driver info: driver.version: unknown]" name="testMethod30" duration-ms="134995" started-at="2017-05-11T18:04:57Z" description="TestCase# 30" finished-at="2017-05-11T18:07:12Z">
          <reporter-output>
          </reporter-output>
        </test-method> <!-- testMethod30 -->
        <test-method status="PASS" signature="testMethod31()[pri:28, instance:testsExecution.Tests2: Build info: version: &#039;unknown&#039;, revision: &#039;5234b32&#039;, time: &#039;2017-03-10 09:00:17 -0800&#039;
System info: host: &#039;H8&#039;, ip: &#039;10.26.41.174&#039;, os.name: &#039;Windows 8.1&#039;, os.arch: &#039;amd64&#039;, os.version: &#039;6.3&#039;, java.version: &#039;1.8.0_60&#039;
Driver info: driver.version: unknown]" name="testMethod31" duration-ms="37695" started-at="2017-05-11T18:07:12Z" description="TestCase# 31" finished-at="2017-05-11T18:07:49Z">
          <reporter-output>
          </reporter-output>
        </test-method> <!-- testMethod31 -->
        <test-method status="PASS" signature="testMethod32()[pri:29, instance:testsExecution.Tests2: Build info: version: &#039;unknown&#039;, revision: &#039;5234b32&#039;, time: &#039;2017-03-10 09:00:17 -0800&#039;
System info: host: &#039;H8&#039;, ip: &#039;10.26.41.174&#039;, os.name: &#039;Windows 8.1&#039;, os.arch: &#039;amd64&#039;, os.version: &#039;6.3&#039;, java.version: &#039;1.8.0_60&#039;
Driver info: driver.version: unknown]" name="testMethod32" duration-ms="55834" started-at="2017-05-11T18:07:49Z" description="TestCase# 32" finished-at="2017-05-11T18:08:45Z">
          <reporter-output>
          </reporter-output>
        </test-method> <!-- testMethod32 -->
        <test-method status="PASS" signature="loggout()[pri:0, instance:testsExecution.Tests2: Build info: version: &#039;unknown&#039;, revision: &#039;5234b32&#039;, time: &#039;2017-03-10 09:00:17 -0800&#039;
System info: host: &#039;H8&#039;, ip: &#039;10.26.41.174&#039;, os.name: &#039;Windows 8.1&#039;, os.arch: &#039;amd64&#039;, os.version: &#039;6.3&#039;, java.version: &#039;1.8.0_60&#039;
Driver info: driver.version: unknown]" name="loggout" is-config="true" duration-ms="787" started-at="2017-05-11T18:08:45Z" finished-at="2017-05-11T18:08:46Z">
          <reporter-output>
          </reporter-output>
        </test-method> <!-- loggout -->
      </class> <!-- testsExecution.Tests2 -->
      <class name="testsExecution.Tests1">
        <test-method status="PASS" signature="beforeTest1()[pri:0, instance:testsExecution.Tests1@5622fdf]" name="beforeTest1" is-config="true" duration-ms="19512" started-at="2017-05-11T17:36:44Z" finished-at="2017-05-11T17:37:03Z">
          <reporter-output>
          </reporter-output>
        </test-method> <!-- beforeTest1 -->
        <test-method status="PASS" signature="testLogin()[pri:0, instance:testsExecution.Tests1@5622fdf]" name="testLogin" duration-ms="27188" started-at="2017-05-11T17:37:03Z" description="TestCase# login" finished-at="2017-05-11T17:37:30Z">
          <reporter-output>
          </reporter-output>
        </test-method> <!-- testLogin -->
        <test-method status="PASS" signature="testMethod1()[pri:1, instance:testsExecution.Tests1@5622fdf]" name="testMethod1" duration-ms="2135" started-at="2017-05-11T17:38:12Z" description="TestCase# 1" finished-at="2017-05-11T17:38:15Z">
          <reporter-output>
          </reporter-output>
        </test-method> <!-- testMethod1 -->
        <test-method status="PASS" signature="testMethod2()[pri:2, instance:testsExecution.Tests1@5622fdf]" name="testMethod2" duration-ms="43136" started-at="2017-05-11T17:38:15Z" description="TestCase# 02" finished-at="2017-05-11T17:38:58Z">
          <reporter-output>
          </reporter-output>
        </test-method> <!-- testMethod2 -->
        <test-method status="PASS" signature="testMethod3()[pri:3, instance:testsExecution.Tests1@5622fdf]" name="testMethod3" duration-ms="12913" started-at="2017-05-11T17:38:58Z" description="TestCase# 03" finished-at="2017-05-11T17:39:11Z">
          <reporter-output>
          </reporter-output>
        </test-method> <!-- testMethod3 -->
        <test-method status="PASS" signature="testMethod4()[pri:4, instance:testsExecution.Tests1@5622fdf]" name="testMethod4" duration-ms="14567" started-at="2017-05-11T17:39:11Z" description="TestCase# 04" finished-at="2017-05-11T17:39:25Z">
          <reporter-output>
          </reporter-output>
        </test-method> <!-- testMethod4 -->
        <test-method status="PASS" signature="testMethod5()[pri:5, instance:testsExecution.Tests1@5622fdf]" name="testMethod5" duration-ms="90006" started-at="2017-05-11T17:39:25Z" description="TestCase# 05" finished-at="2017-05-11T17:40:55Z">
          <reporter-output>
          </reporter-output>
        </test-method> <!-- testMethod5 -->
        <test-method status="PASS" signature="testMethod6()[pri:6, instance:testsExecution.Tests1@5622fdf]" name="testMethod6" duration-ms="104252" started-at="2017-05-11T17:40:55Z" description="TestCase# 06" finished-at="2017-05-11T17:42:39Z">
          <reporter-output>
          </reporter-output>
        </test-method> <!-- testMethod6 -->
        <test-method status="PASS" signature="testMethod7()[pri:7, instance:testsExecution.Tests1@5622fdf]" name="testMethod7" duration-ms="22115" started-at="2017-05-11T17:42:39Z" description="TestCase# 07" finished-at="2017-05-11T17:43:02Z">
          <reporter-output>
          </reporter-output>
        </test-method> <!-- testMethod7 -->
        <test-method status="PASS" signature="testMethod8()[pri:8, instance:testsExecution.Tests1@5622fdf]" name="testMethod8" duration-ms="42986" started-at="2017-05-11T17:43:02Z" description="TestCase# 08" finished-at="2017-05-11T17:43:45Z">
          <reporter-output>
          </reporter-output>
        </test-method> <!-- testMethod8 -->
        <test-method status="PASS" signature="testMethod9()[pri:9, instance:testsExecution.Tests1@5622fdf]" name="testMethod9" duration-ms="47286" started-at="2017-05-11T17:43:45Z" description="TestCase# 09" finished-at="2017-05-11T17:44:32Z">
          <reporter-output>
          </reporter-output>
        </test-method> <!-- testMethod9 -->
        <test-method status="PASS" signature="testMethod10()[pri:10, instance:testsExecution.Tests1@5622fdf]" name="testMethod10" duration-ms="71149" started-at="2017-05-11T17:44:32Z" description="TestCase# 10" finished-at="2017-05-11T17:45:43Z">
          <reporter-output>
          </reporter-output>
        </test-method> <!-- testMethod10 -->
        <test-method status="PASS" signature="testMethod11()[pri:11, instance:testsExecution.Tests1@5622fdf]" name="testMethod11" duration-ms="220041" started-at="2017-05-11T17:45:43Z" description="TestCase# 11" finished-at="2017-05-11T17:49:23Z">
          <reporter-output>
          </reporter-output>
        </test-method> <!-- testMethod11 -->
        <test-method status="PASS" signature="testMethod12()[pri:12, instance:testsExecution.Tests1@5622fdf]" name="testMethod12" duration-ms="55377" started-at="2017-05-11T17:49:23Z" description="TestCase# 12" finished-at="2017-05-11T17:50:18Z">
          <reporter-output>
          </reporter-output>
        </test-method> <!-- testMethod12 -->
        <test-method status="PASS" signature="testMethod13()[pri:13, instance:testsExecution.Tests1@5622fdf]" name="testMethod13" duration-ms="101049" started-at="2017-05-11T17:50:18Z" description="TestCase# 13" finished-at="2017-05-11T17:51:59Z">
          <reporter-output>
          </reporter-output>
        </test-method> <!-- testMethod13 -->
        <test-method status="PASS" signature="testMethod14()[pri:14, instance:testsExecution.Tests1@5622fdf]" name="testMethod14" duration-ms="84261" started-at="2017-05-11T17:51:59Z" description="TestCase# 14" finished-at="2017-05-11T17:53:24Z">
          <reporter-output>
          </reporter-output>
        </test-method> <!-- testMethod14 -->
        <test-method status="PASS" signature="testMethod15()[pri:15, instance:testsExecution.Tests1@5622fdf]" name="testMethod15" duration-ms="43534" started-at="2017-05-11T17:53:24Z" description="TestCase# 15" finished-at="2017-05-11T17:54:07Z">
          <reporter-output>
          </reporter-output>
        </test-method> <!-- testMethod15 -->
        <test-method status="PASS" signature="logoutMethod()[pri:16, instance:testsExecution.Tests1@5622fdf]" name="logoutMethod" duration-ms="21987" started-at="2017-05-11T17:54:07Z" description="TestCase# logout16" finished-at="2017-05-11T17:54:29Z">
          <reporter-output>
          </reporter-output>
        </test-method> <!-- logoutMethod -->
        <test-method status="PASS" signature="loggout()[pri:0, instance:testsExecution.Tests1@5622fdf]" name="loggout" is-config="true" duration-ms="1658" started-at="2017-05-11T17:54:29Z" finished-at="2017-05-11T17:54:31Z">
          <reporter-output>
          </reporter-output>
        </test-method> <!-- loggout -->
      </class> <!-- testsExecution.Tests1 -->
    </test> <!-- Default test -->
  </suite> <!-- Default suite -->
</testng-results>
