<?xml version="1.0" encoding="UTF-8"?>
<!-- Generated by org.testng.reporters.JUnitXMLReporter -->
<testsuite hostname="H8" name="Default test" tests="14" failures="0" timestamp="25 Jan 2017 13:06:50 GMT" time="1292.935" errors="0">
  <testcase name="testLogin" time="29.576" classname="testColection.Tests1"/>
  <testcase name="test01" time="124.755" classname="testColection.Tests1"/>
  <testcase name="test02" time="66.993" classname="testColection.Tests1"/>
  <testcase name="test03" time="205.126" classname="testColection.Tests1"/>
  <testcase name="test04" time="12.916" classname="testColection.Tests1"/>
  <testcase name="test05" time="86.633" classname="testColection.Tests1"/>
  <testcase name="test06" time="17.924" classname="testColection.Tests1"/>
  <testcase name="test07" time="133.744" classname="testColection.Tests1"/>
  <testcase name="test08" time="57.265" classname="testColection.Tests1"/>
  <testcase name="test09" time="30.268" classname="testColection.Tests1"/>
  <testcase name="test10" time="212.421" classname="testColection.Tests1"/>
  <testcase name="test11" time="60.413" classname="testColection.Tests1"/>
  <testcase name="test12" time="40.308" classname="testColection.Tests1"/>
  <testcase name="test13" time="187.965" classname="testColection.Tests1"/>
</testsuite> <!-- Default test -->
