<?xml version="1.0" encoding="UTF-8"?>
<!-- Generated by org.testng.reporters.JUnitXMLReporter -->
<testsuite hostname="compumatrice" name="Default test" tests="19" failures="0" timestamp="6 Mar 2017 10:44:09 GMT" time="2149.939" errors="0">
  <testcase name="login" time="25.867" classname="appendices.Main_Appendices"/>
  <testcase name="Check_Appendices_Tab" time="178.542" classname="appendices.Main_Appendices"/>
  <testcase name="Add_Image" time="92.613" classname="appendices.Main_Appendices"/>
  <testcase name="Drag_And_Drop_Image" time="27.254" classname="appendices.Main_Appendices"/>
  <testcase name="View_Image" time="65.829" classname="appendices.Main_Appendices"/>
  <testcase name="Edit_All_Option" time="99.216" classname="appendices.Main_Appendices"/>
  <testcase name="Include_Exclude_Zoom_Delete_Options" time="52.724" classname="appendices.Main_Appendices"/>
  <testcase name="Check_Upload_PDF" time="179.181" classname="appendices.Main_Appendices"/>
  <testcase name="Check_PDF_Exclude_Include_Sort_Delete" time="97.445" classname="appendices.Main_Appendices"/>
  <testcase name="Check_Comments_Subtab" time="53.754" classname="appendices.Main_Appendices"/>
  <testcase name="Add_Comment" time="173.344" classname="appendices.Main_Appendices"/>
  <testcase name="Check_Section_Dropdown" time="93.963" classname="appendices.Main_Appendices"/>
  <testcase name="Check_Checkboxes_Functionality" time="141.571" classname="appendices.Main_Appendices"/>
  <testcase name="Refresh_OpenAll_CloseAll_Delete_Functionality" time="82.892" classname="appendices.Main_Appendices"/>
  <testcase name="Add_Communication_Record" time="71.166" classname="appendices.Main_Appendices"/>
  <testcase name="Add_ADA_Checklist" time="289.549" classname="appendices.Main_Appendices"/>
  <testcase name="Add_FHA_Checklist" time="154.286" classname="appendices.Main_Appendices"/>
  <testcase name="Add_User_Questionnaire" time="203.821" classname="appendices.Main_Appendices"/>
  <testcase name="Send_Questionnaire_Email" time="66.796" classname="appendices.Main_Appendices"/>
</testsuite> <!-- Default test -->
