<?xml version="1.0" encoding="UTF-8"?>
<!-- Generated by org.testng.reporters.JUnitXMLReporter -->
<testsuite hostname="H8" name="Default test" tests="19" failures="0" timestamp="23 Jan 2017 09:17:00 GMT" time="1898.329" errors="0">
  <testcase name="testLogin" time="27.702" classname="testCollection.Tests1"/>
  <testcase name="testMethod2" time="109.224" classname="testCollection.Tests1"/>
  <testcase name="testMethod3" time="5.213" classname="testCollection.Tests1"/>
  <testcase name="testMethod1" time="5.28" classname="testCollection.Tests1"/>
  <testcase name="testMethod4" time="93.106" classname="testCollection.Tests1"/>
  <testcase name="testMethod5" time="141.923" classname="testCollection.Tests1"/>
  <testcase name="testMethod6" time="114.961" classname="testCollection.Tests1"/>
  <testcase name="testMethod13" time="54.07" classname="testCollection.Tests1"/>
  <testcase name="testMethod14" time="107.236" classname="testCollection.Tests1"/>
  <testcase name="testMethod15" time="224.06" classname="testCollection.Tests1"/>
  <testcase name="testMethod16" time="84.369" classname="testCollection.Tests1"/>
  <testcase name="testMethod17" time="66.707" classname="testCollection.Tests1"/>
  <testcase name="testMethod18" time="50.03" classname="testCollection.Tests1"/>
  <testcase name="testMethod19" time="376.215" classname="testCollection.Tests1"/>
  <testcase name="testMethod20" time="21.697" classname="testCollection.Tests1"/>
  <testcase name="testMethod21" time="99.49" classname="testCollection.Tests1"/>
  <testcase name="testMethod22" time="76.659" classname="testCollection.Tests1"/>
  <testcase name="testMethod23" time="152.796" classname="testCollection.Tests1"/>
  <testcase name="testMethod24" time="67.417" classname="testCollection.Tests1"/>
</testsuite> <!-- Default test -->
