<?xml version="1.0" encoding="UTF-8"?>
<!-- Generated by org.testng.reporters.JUnitXMLReporter -->
<testsuite hostname="H8" name="Default test" tests="12" failures="0" timestamp="25 Jan 2017 07:07:50 GMT" time="1076.338" errors="0">
  <testcase name="TestLogin" time="32.105" classname="testColection.Tests1"/>
  <testcase name="TestMethod1" time="28.416" classname="testColection.Tests1"/>
  <testcase name="TestMethod2" time="108.191" classname="testColection.Tests1"/>
  <testcase name="TestMethod3" time="164.889" classname="testColection.Tests1"/>
  <testcase name="TestMethod4" time="191.922" classname="testColection.Tests1"/>
  <testcase name="TestMethod5" time="184.293" classname="testColection.Tests1"/>
  <testcase name="TestMethod6" time="71.437" classname="testColection.Tests1"/>
  <testcase name="TestMethod7" time="59.24" classname="testColection.Tests1"/>
  <testcase name="TestMethod8" time="24.056" classname="testColection.Tests1"/>
  <testcase name="TestMethod9" time="60.126" classname="testColection.Tests1"/>
  <testcase name="TestMethod10" time="53.751" classname="testColection.Tests1"/>
  <testcase name="TestMethod11" time="76.151" classname="testColection.Tests1"/>
</testsuite> <!-- Default test -->
