<?xml version="1.0" encoding="UTF-8"?>
<testsuite name="TestSuite" time="2,044.075" tests="19" errors="0" skipped="0" failures="0">
  <properties>
[...]
</properties>
  <testcase name="login" classname="test_collection.Main_Appendices" time="24.731"/>
  <testcase name="Check_Appendices_Tab" classname="test_collection.Main_Appendices" time="120.335"/>
  <testcase name="Add_Image" classname="test_collection.Main_Appendices" time="88.674"/>
  <testcase name="Drag_And_Drop_Image" classname="test_collection.Main_Appendices" time="26.671"/>
  <testcase name="View_Image" classname="test_collection.Main_Appendices" time="64.56"/>
  <testcase name="Edit_All_Option" classname="test_collection.Main_Appendices" time="96.841"/>
  <testcase name="Include_Exclude_Zoom_Delete_Options" classname="test_collection.Main_Appendices" time="50.738"/>
  <testcase name="Check_Upload_PDF" classname="test_collection.Main_Appendices" time="198.147"/>
  <testcase name="Check_PDF_Exclude_Include_Sort_Delete" classname="test_collection.Main_Appendices" time="94.816"/>
  <testcase name="Check_Comments_Subtab" classname="test_collection.Main_Appendices" time="51.367"/>
  <testcase name="Add_Comment" classname="test_collection.Main_Appendices" time="162.343"/>
  <testcase name="Check_Section_Dropdown" classname="test_collection.Main_Appendices" time="90.042"/>
  <testcase name="Check_Checkboxes_Functionality" classname="test_collection.Main_Appendices" time="163.419"/>
  <testcase name="Refresh_OpenAll_CloseAll_Delete_Functionality" classname="test_collection.Main_Appendices" time="87.414"/>
  <testcase name="Add_Communication_Record" classname="test_collection.Main_Appendices" time="71.964"/>
  <testcase name="Add_ADA_Checklist" classname="test_collection.Main_Appendices" time="284.059"/>
  <testcase name="Add_FHA_Checklist" classname="test_collection.Main_Appendices" time="152.399"/>
  <testcase name="Add_User_Questionnaire" classname="test_collection.Main_Appendices" time="151.292"/>
  <testcase name="Send_Questionnaire_Email" classname="test_collection.Main_Appendices" time="64.263"/>
</testsuite>