<?xml version="1.0" encoding="UTF-8"?>
<testng-results skipped="0" failed="2" total="14" passed="12">
  <reporter-output>
  </reporter-output>
  <suite name="Suite" duration-ms="24048" started-at="2017-07-06T10:52:41Z" finished-at="2017-07-06T10:53:05Z">
    <groups>
    </groups>
    <test name="Test" duration-ms="24048" started-at="2017-07-06T10:52:41Z" finished-at="2017-07-06T10:53:05Z">
      <class name="main_file.Main_Report_Delivery">
        <test-method status="PASS" signature="login()[pri:1, instance:main_file.Main_Report_Delivery@34f5090e]" name="login" duration-ms="20699" started-at="2017-07-06T16:22:41Z" finished-at="2017-07-06T16:23:01Z">
          <reporter-output>
          </reporter-output>
        </test-method> <!-- login -->
        <test-method status="FAIL" signature="Download_Report()[pri:2, instance:main_file.Main_Report_Delivery@34f5090e]" name="Download_Report" duration-ms="3113" started-at="2017-07-06T16:23:01Z" finished-at="2017-07-06T16:23:04Z">
          <exception class="org.openqa.selenium.NoSuchWindowException">
            <message>
              <![CDATA[no such window: target window already closed
from unknown error: web view not found
  (Session info: chrome=59.0.3071.115)
  (Driver info: chromedriver=2.28.455520 (cc17746adff54984afff480136733114c6b3704b),platform=Windows NT 6.3.9600 x86_64) (WARNING: The server did not provide any stacktrace information)
Command duration or timeout: 7 milliseconds
Build info: version: '2.53.0', revision: '35ae25b1534ae328c771e0856c93e187490ca824', time: '2016-03-15 10:43:46'
System info: host: 'Compumatrice', ip: '192.168.99.1', os.name: 'Windows 8.1', os.arch: 'amd64', os.version: '6.3', java.version: '1.8.0_131'
Driver info: org.openqa.selenium.chrome.ChromeDriver
Capabilities [{applicationCacheEnabled=false, rotatable=false, mobileEmulationEnabled=false, networkConnectionEnabled=false, chrome={chromedriverVersion=2.28.455520 (cc17746adff54984afff480136733114c6b3704b), userDataDir=C:\Users\RAHUL_~1\AppData\Local\Temp\scoped_dir4420_31946}, takesHeapSnapshot=true, pageLoadStrategy=normal, databaseEnabled=false, handlesAlerts=true, hasTouchScreen=false, version=59.0.3071.115, platform=WIN8_1, browserConnectionEnabled=false, nativeEvents=true, acceptSslCerts=true, locationContextEnabled=true, webStorageEnabled=true, browserName=chrome, takesScreenshot=true, javascriptEnabled=true, cssSelectorsEnabled=true, unexpectedAlertBehaviour=}]
Session ID: 22654f66b3bbbe5b69f09120008cd99c
*** Element info: {Using=xpath, value=html/body/div[2]/div/div/div/div/div[1]/div[2]/div[2]/ul/li/a[text()='Assemble']}]]>
            </message>
            <full-stacktrace>
              <![CDATA[org.openqa.selenium.NoSuchWindowException: no such window: target window already closed
from unknown error: web view not found
  (Session info: chrome=59.0.3071.115)
  (Driver info: chromedriver=2.28.455520 (cc17746adff54984afff480136733114c6b3704b),platform=Windows NT 6.3.9600 x86_64) (WARNING: The server did not provide any stacktrace information)
Command duration or timeout: 7 milliseconds
Build info: version: '2.53.0', revision: '35ae25b1534ae328c771e0856c93e187490ca824', time: '2016-03-15 10:43:46'
System info: host: 'Compumatrice', ip: '192.168.99.1', os.name: 'Windows 8.1', os.arch: 'amd64', os.version: '6.3', java.version: '1.8.0_131'
Driver info: org.openqa.selenium.chrome.ChromeDriver
Capabilities [{applicationCacheEnabled=false, rotatable=false, mobileEmulationEnabled=false, networkConnectionEnabled=false, chrome={chromedriverVersion=2.28.455520 (cc17746adff54984afff480136733114c6b3704b), userDataDir=C:\Users\RAHUL_~1\AppData\Local\Temp\scoped_dir4420_31946}, takesHeapSnapshot=true, pageLoadStrategy=normal, databaseEnabled=false, handlesAlerts=true, hasTouchScreen=false, version=59.0.3071.115, platform=WIN8_1, browserConnectionEnabled=false, nativeEvents=true, acceptSslCerts=true, locationContextEnabled=true, webStorageEnabled=true, browserName=chrome, takesScreenshot=true, javascriptEnabled=true, cssSelectorsEnabled=true, unexpectedAlertBehaviour=}]
Session ID: 22654f66b3bbbe5b69f09120008cd99c
*** Element info: {Using=xpath, value=html/body/div[2]/div/div/div/div/div[1]/div[2]/div[2]/ul/li/a[text()='Assemble']}
	at sun.reflect.NativeConstructorAccessorImpl.newInstance0(Native Method)
	at sun.reflect.NativeConstructorAccessorImpl.newInstance(NativeConstructorAccessorImpl.java:62)
	at sun.reflect.DelegatingConstructorAccessorImpl.newInstance(DelegatingConstructorAccessorImpl.java:45)
	at java.lang.reflect.Constructor.newInstance(Constructor.java:423)
	at org.openqa.selenium.remote.ErrorHandler.createThrowable(ErrorHandler.java:206)
	at org.openqa.selenium.remote.ErrorHandler.throwIfResponseFailed(ErrorHandler.java:158)
	at org.openqa.selenium.remote.RemoteWebDriver.execute(RemoteWebDriver.java:678)
	at org.openqa.selenium.remote.RemoteWebDriver.findElement(RemoteWebDriver.java:363)
	at org.openqa.selenium.remote.RemoteWebDriver.findElementByXPath(RemoteWebDriver.java:500)
	at org.openqa.selenium.By$ByXPath.findElement(By.java:361)
	at org.openqa.selenium.remote.RemoteWebDriver.findElement(RemoteWebDriver.java:355)
	at org.openqa.selenium.support.pagefactory.DefaultElementLocator.findElement(DefaultElementLocator.java:69)
	at org.openqa.selenium.support.pagefactory.internal.LocatingElementHandler.invoke(LocatingElementHandler.java:38)
	at com.sun.proxy.$Proxy3.getWrappedElement(Unknown Source)
	at org.openqa.selenium.remote.internal.WebElementToJsonConverter.apply(WebElementToJsonConverter.java:49)
	at com.google.common.collect.Iterators$8.transform(Iterators.java:817)
	at com.google.common.collect.TransformedIterator.next(TransformedIterator.java:48)
	at com.google.common.collect.Iterators.addAll(Iterators.java:365)
	at com.google.common.collect.Lists.newArrayList(Lists.java:162)
	at com.google.common.collect.Lists.newArrayList(Lists.java:146)
	at org.openqa.selenium.remote.RemoteWebDriver.executeScript(RemoteWebDriver.java:572)
	at all_files.Assemble_Tab.HighlightElement(Assemble_Tab.java:173)
	at all_files.Assemble_Tab.Download_Report(Assemble_Tab.java:525)
	at main_file.Main_Report_Delivery.Download_Report(Main_Report_Delivery.java:24)
	at sun.reflect.NativeMethodAccessorImpl.invoke0(Native Method)
	at sun.reflect.NativeMethodAccessorImpl.invoke(NativeMethodAccessorImpl.java:62)
	at sun.reflect.DelegatingMethodAccessorImpl.invoke(DelegatingMethodAccessorImpl.java:43)
	at java.lang.reflect.Method.invoke(Method.java:498)
	at org.testng.internal.MethodInvocationHelper.invokeMethod(MethodInvocationHelper.java:85)
	at org.testng.internal.Invoker.invokeMethod(Invoker.java:639)
	at org.testng.internal.Invoker.invokeTestMethod(Invoker.java:816)
	at org.testng.internal.Invoker.invokeTestMethods(Invoker.java:1124)
	at org.testng.internal.TestMethodWorker.invokeTestMethods(TestMethodWorker.java:125)
	at org.testng.internal.TestMethodWorker.run(TestMethodWorker.java:108)
	at org.testng.TestRunner.privateRun(TestRunner.java:774)
	at org.testng.TestRunner.run(TestRunner.java:624)
	at org.testng.SuiteRunner.runTest(SuiteRunner.java:359)
	at org.testng.SuiteRunner.runSequentially(SuiteRunner.java:354)
	at org.testng.SuiteRunner.privateRun(SuiteRunner.java:312)
	at org.testng.SuiteRunner.run(SuiteRunner.java:261)
	at org.testng.SuiteRunnerWorker.runSuite(SuiteRunnerWorker.java:52)
	at org.testng.SuiteRunnerWorker.run(SuiteRunnerWorker.java:86)
	at org.testng.TestNG.runSuitesSequentially(TestNG.java:1215)
	at org.testng.TestNG.runSuitesLocally(TestNG.java:1140)
	at org.testng.TestNG.run(TestNG.java:1048)
	at org.apache.maven.surefire.testng.TestNGExecutor.run(TestNGExecutor.java:178)
	at org.apache.maven.surefire.testng.TestNGXmlTestSuite.execute(TestNGXmlTestSuite.java:92)
	at org.apache.maven.surefire.testng.TestNGProvider.invoke(TestNGProvider.java:96)
	at sun.reflect.NativeMethodAccessorImpl.invoke0(Native Method)
	at sun.reflect.NativeMethodAccessorImpl.invoke(NativeMethodAccessorImpl.java:62)
	at sun.reflect.DelegatingMethodAccessorImpl.invoke(DelegatingMethodAccessorImpl.java:43)
	at java.lang.reflect.Method.invoke(Method.java:498)
	at org.apache.maven.surefire.util.ReflectionUtils.invokeMethodWithArray2(ReflectionUtils.java:208)
	at org.apache.maven.surefire.booter.ProviderFactory$ProviderProxy.invoke(ProviderFactory.java:159)
	at org.apache.maven.surefire.booter.ProviderFactory.invokeProvider(ProviderFactory.java:87)
	at org.apache.maven.surefire.booter.ForkedBooter.runSuitesInProcess(ForkedBooter.java:153)
	at org.apache.maven.surefire.booter.ForkedBooter.main(ForkedBooter.java:95)
]]>
            </full-stacktrace>
          </exception> <!-- org.openqa.selenium.NoSuchWindowException -->
          <reporter-output>
          </reporter-output>
        </test-method> <!-- Download_Report -->
        <test-method status="PASS" signature="View_Transmittal_Letter()[pri:3, instance:main_file.Main_Report_Delivery@34f5090e]" name="View_Transmittal_Letter" duration-ms="13" started-at="2017-07-06T16:23:04Z" finished-at="2017-07-06T16:23:04Z">
          <reporter-output>
          </reporter-output>
        </test-method> <!-- View_Transmittal_Letter -->
        <test-method status="PASS" signature="View_Cover_Page()[pri:4, instance:main_file.Main_Report_Delivery@34f5090e]" name="View_Cover_Page" duration-ms="25" started-at="2017-07-06T16:23:04Z" finished-at="2017-07-06T16:23:04Z">
          <reporter-output>
          </reporter-output>
        </test-method> <!-- View_Cover_Page -->
        <test-method status="PASS" signature="Edit_Transmittal_Letter()[pri:5, instance:main_file.Main_Report_Delivery@34f5090e]" name="Edit_Transmittal_Letter" duration-ms="16" started-at="2017-07-06T16:23:04Z" finished-at="2017-07-06T16:23:04Z">
          <reporter-output>
          </reporter-output>
        </test-method> <!-- Edit_Transmittal_Letter -->
        <test-method status="PASS" signature="Edit_Cover_Page()[pri:6, instance:main_file.Main_Report_Delivery@34f5090e]" name="Edit_Cover_Page" duration-ms="10" started-at="2017-07-06T16:23:04Z" finished-at="2017-07-06T16:23:05Z">
          <reporter-output>
          </reporter-output>
        </test-method> <!-- Edit_Cover_Page -->
        <test-method status="PASS" signature="Download_Previously_Generated_Reports()[pri:7, instance:main_file.Main_Report_Delivery@34f5090e]" name="Download_Previously_Generated_Reports" duration-ms="28" started-at="2017-07-06T16:23:05Z" finished-at="2017-07-06T16:23:05Z">
          <reporter-output>
          </reporter-output>
        </test-method> <!-- Download_Previously_Generated_Reports -->
        <test-method status="PASS" signature="Upload_Document_Transmittal_Letter()[pri:8, instance:main_file.Main_Report_Delivery@34f5090e]" name="Upload_Document_Transmittal_Letter" duration-ms="18" started-at="2017-07-06T16:23:05Z" finished-at="2017-07-06T16:23:05Z">
          <reporter-output>
          </reporter-output>
        </test-method> <!-- Upload_Document_Transmittal_Letter -->
        <test-method status="PASS" signature="Upload_Document_Cover_Page()[pri:9, instance:main_file.Main_Report_Delivery@34f5090e]" name="Upload_Document_Cover_Page" duration-ms="8" started-at="2017-07-06T16:23:05Z" finished-at="2017-07-06T16:23:05Z">
          <reporter-output>
          </reporter-output>
        </test-method> <!-- Upload_Document_Cover_Page -->
        <test-method status="PASS" signature="Upload_Invalid_File_Transmittal_Letter()[pri:10, instance:main_file.Main_Report_Delivery@34f5090e]" name="Upload_Invalid_File_Transmittal_Letter" duration-ms="11" started-at="2017-07-06T16:23:05Z" finished-at="2017-07-06T16:23:05Z">
          <reporter-output>
          </reporter-output>
        </test-method> <!-- Upload_Invalid_File_Transmittal_Letter -->
        <test-method status="PASS" signature="Upload_Invalid_File_Cover_Page()[pri:11, instance:main_file.Main_Report_Delivery@34f5090e]" name="Upload_Invalid_File_Cover_Page" duration-ms="9" started-at="2017-07-06T16:23:05Z" finished-at="2017-07-06T16:23:05Z">
          <reporter-output>
          </reporter-output>
        </test-method> <!-- Upload_Invalid_File_Cover_Page -->
        <test-method status="PASS" signature="Email_Link_To_Client()[pri:12, instance:main_file.Main_Report_Delivery@34f5090e]" name="Email_Link_To_Client" duration-ms="15" started-at="2017-07-06T16:23:05Z" finished-at="2017-07-06T16:23:05Z">
          <reporter-output>
          </reporter-output>
        </test-method> <!-- Email_Link_To_Client -->
        <test-method status="PASS" signature="Disable_Email_Link()[pri:13, instance:main_file.Main_Report_Delivery@34f5090e]" name="Disable_Email_Link" duration-ms="9" started-at="2017-07-06T16:23:05Z" finished-at="2017-07-06T16:23:05Z">
          <reporter-output>
          </reporter-output>
        </test-method> <!-- Disable_Email_Link -->
        <test-method status="FAIL" signature="LogOut()[pri:14, instance:main_file.Main_Report_Delivery@34f5090e]" name="LogOut" duration-ms="8" started-at="2017-07-06T16:23:05Z" finished-at="2017-07-06T16:23:05Z">
          <exception class="org.openqa.selenium.NoSuchWindowException">
            <message>
              <![CDATA[no such window: target window already closed
from unknown error: web view not found
  (Session info: chrome=59.0.3071.115)
  (Driver info: chromedriver=2.28.455520 (cc17746adff54984afff480136733114c6b3704b),platform=Windows NT 6.3.9600 x86_64) (WARNING: The server did not provide any stacktrace information)
Command duration or timeout: 4 milliseconds
Build info: version: '2.53.0', revision: '35ae25b1534ae328c771e0856c93e187490ca824', time: '2016-03-15 10:43:46'
System info: host: 'Compumatrice', ip: '192.168.99.1', os.name: 'Windows 8.1', os.arch: 'amd64', os.version: '6.3', java.version: '1.8.0_131'
Driver info: org.openqa.selenium.chrome.ChromeDriver
Capabilities [{applicationCacheEnabled=false, rotatable=false, mobileEmulationEnabled=false, networkConnectionEnabled=false, chrome={chromedriverVersion=2.28.455520 (cc17746adff54984afff480136733114c6b3704b), userDataDir=C:\Users\RAHUL_~1\AppData\Local\Temp\scoped_dir4420_31946}, takesHeapSnapshot=true, pageLoadStrategy=normal, databaseEnabled=false, handlesAlerts=true, hasTouchScreen=false, version=59.0.3071.115, platform=WIN8_1, browserConnectionEnabled=false, nativeEvents=true, acceptSslCerts=true, locationContextEnabled=true, webStorageEnabled=true, browserName=chrome, takesScreenshot=true, javascriptEnabled=true, cssSelectorsEnabled=true, unexpectedAlertBehaviour=}]
Session ID: 22654f66b3bbbe5b69f09120008cd99c
*** Element info: {Using=xpath, value=html/body/div[1]/div/nav/div/ul/li[8]/a}]]>
            </message>
            <full-stacktrace>
              <![CDATA[org.openqa.selenium.NoSuchWindowException: no such window: target window already closed
from unknown error: web view not found
  (Session info: chrome=59.0.3071.115)
  (Driver info: chromedriver=2.28.455520 (cc17746adff54984afff480136733114c6b3704b),platform=Windows NT 6.3.9600 x86_64) (WARNING: The server did not provide any stacktrace information)
Command duration or timeout: 4 milliseconds
Build info: version: '2.53.0', revision: '35ae25b1534ae328c771e0856c93e187490ca824', time: '2016-03-15 10:43:46'
System info: host: 'Compumatrice', ip: '192.168.99.1', os.name: 'Windows 8.1', os.arch: 'amd64', os.version: '6.3', java.version: '1.8.0_131'
Driver info: org.openqa.selenium.chrome.ChromeDriver
Capabilities [{applicationCacheEnabled=false, rotatable=false, mobileEmulationEnabled=false, networkConnectionEnabled=false, chrome={chromedriverVersion=2.28.455520 (cc17746adff54984afff480136733114c6b3704b), userDataDir=C:\Users\RAHUL_~1\AppData\Local\Temp\scoped_dir4420_31946}, takesHeapSnapshot=true, pageLoadStrategy=normal, databaseEnabled=false, handlesAlerts=true, hasTouchScreen=false, version=59.0.3071.115, platform=WIN8_1, browserConnectionEnabled=false, nativeEvents=true, acceptSslCerts=true, locationContextEnabled=true, webStorageEnabled=true, browserName=chrome, takesScreenshot=true, javascriptEnabled=true, cssSelectorsEnabled=true, unexpectedAlertBehaviour=}]
Session ID: 22654f66b3bbbe5b69f09120008cd99c
*** Element info: {Using=xpath, value=html/body/div[1]/div/nav/div/ul/li[8]/a}
	at sun.reflect.NativeConstructorAccessorImpl.newInstance0(Native Method)
	at sun.reflect.NativeConstructorAccessorImpl.newInstance(NativeConstructorAccessorImpl.java:62)
	at sun.reflect.DelegatingConstructorAccessorImpl.newInstance(DelegatingConstructorAccessorImpl.java:45)
	at java.lang.reflect.Constructor.newInstance(Constructor.java:423)
	at org.openqa.selenium.remote.ErrorHandler.createThrowable(ErrorHandler.java:206)
	at org.openqa.selenium.remote.ErrorHandler.throwIfResponseFailed(ErrorHandler.java:158)
	at org.openqa.selenium.remote.RemoteWebDriver.execute(RemoteWebDriver.java:678)
	at org.openqa.selenium.remote.RemoteWebDriver.findElement(RemoteWebDriver.java:363)
	at org.openqa.selenium.remote.RemoteWebDriver.findElementByXPath(RemoteWebDriver.java:500)
	at org.openqa.selenium.By$ByXPath.findElement(By.java:361)
	at org.openqa.selenium.remote.RemoteWebDriver.findElement(RemoteWebDriver.java:355)
	at org.openqa.selenium.support.pagefactory.DefaultElementLocator.findElement(DefaultElementLocator.java:69)
	at org.openqa.selenium.support.pagefactory.internal.LocatingElementHandler.invoke(LocatingElementHandler.java:38)
	at com.sun.proxy.$Proxy3.getWrappedElement(Unknown Source)
	at org.openqa.selenium.remote.internal.WebElementToJsonConverter.apply(WebElementToJsonConverter.java:49)
	at com.google.common.collect.Iterators$8.transform(Iterators.java:817)
	at com.google.common.collect.TransformedIterator.next(TransformedIterator.java:48)
	at com.google.common.collect.Iterators.addAll(Iterators.java:365)
	at com.google.common.collect.Lists.newArrayList(Lists.java:162)
	at com.google.common.collect.Lists.newArrayList(Lists.java:146)
	at org.openqa.selenium.remote.RemoteWebDriver.executeScript(RemoteWebDriver.java:572)
	at all_files.Assemble_Tab.HighlightElement(Assemble_Tab.java:173)
	at all_files.Assemble_Tab.LogOut(Assemble_Tab.java:683)
	at main_file.Main_Report_Delivery.LogOut(Main_Report_Delivery.java:84)
	at sun.reflect.NativeMethodAccessorImpl.invoke0(Native Method)
	at sun.reflect.NativeMethodAccessorImpl.invoke(NativeMethodAccessorImpl.java:62)
	at sun.reflect.DelegatingMethodAccessorImpl.invoke(DelegatingMethodAccessorImpl.java:43)
	at java.lang.reflect.Method.invoke(Method.java:498)
	at org.testng.internal.MethodInvocationHelper.invokeMethod(MethodInvocationHelper.java:85)
	at org.testng.internal.Invoker.invokeMethod(Invoker.java:639)
	at org.testng.internal.Invoker.invokeTestMethod(Invoker.java:816)
	at org.testng.internal.Invoker.invokeTestMethods(Invoker.java:1124)
	at org.testng.internal.TestMethodWorker.invokeTestMethods(TestMethodWorker.java:125)
	at org.testng.internal.TestMethodWorker.run(TestMethodWorker.java:108)
	at org.testng.TestRunner.privateRun(TestRunner.java:774)
	at org.testng.TestRunner.run(TestRunner.java:624)
	at org.testng.SuiteRunner.runTest(SuiteRunner.java:359)
	at org.testng.SuiteRunner.runSequentially(SuiteRunner.java:354)
	at org.testng.SuiteRunner.privateRun(SuiteRunner.java:312)
	at org.testng.SuiteRunner.run(SuiteRunner.java:261)
	at org.testng.SuiteRunnerWorker.runSuite(SuiteRunnerWorker.java:52)
	at org.testng.SuiteRunnerWorker.run(SuiteRunnerWorker.java:86)
	at org.testng.TestNG.runSuitesSequentially(TestNG.java:1215)
	at org.testng.TestNG.runSuitesLocally(TestNG.java:1140)
	at org.testng.TestNG.run(TestNG.java:1048)
	at org.apache.maven.surefire.testng.TestNGExecutor.run(TestNGExecutor.java:178)
	at org.apache.maven.surefire.testng.TestNGXmlTestSuite.execute(TestNGXmlTestSuite.java:92)
	at org.apache.maven.surefire.testng.TestNGProvider.invoke(TestNGProvider.java:96)
	at sun.reflect.NativeMethodAccessorImpl.invoke0(Native Method)
	at sun.reflect.NativeMethodAccessorImpl.invoke(NativeMethodAccessorImpl.java:62)
	at sun.reflect.DelegatingMethodAccessorImpl.invoke(DelegatingMethodAccessorImpl.java:43)
	at java.lang.reflect.Method.invoke(Method.java:498)
	at org.apache.maven.surefire.util.ReflectionUtils.invokeMethodWithArray2(ReflectionUtils.java:208)
	at org.apache.maven.surefire.booter.ProviderFactory$ProviderProxy.invoke(ProviderFactory.java:159)
	at org.apache.maven.surefire.booter.ProviderFactory.invokeProvider(ProviderFactory.java:87)
	at org.apache.maven.surefire.booter.ForkedBooter.runSuitesInProcess(ForkedBooter.java:153)
	at org.apache.maven.surefire.booter.ForkedBooter.main(ForkedBooter.java:95)
]]>
            </full-stacktrace>
          </exception> <!-- org.openqa.selenium.NoSuchWindowException -->
          <reporter-output>
          </reporter-output>
        </test-method> <!-- LogOut -->
      </class> <!-- main_file.Main_Report_Delivery -->
    </test> <!-- Test -->
  </suite> <!-- Suite -->
</testng-results>
