<?xml version="1.0" encoding="UTF-8"?>
<testsuite name="TestSuite" time="24.026" tests="14" errors="0" skipped="0" failures="2">
  <properties>
[...]
</properties>
  <testcase name="login" classname="main_file.Main_Report_Delivery" time="20.703"/>
  <testcase name="Download_Report" classname="main_file.Main_Report_Delivery" time="3.154">
    <failure message="no such window: target window already closed&#10;from unknown error: web view not found&#10;  (Session info: chrome=59.0.3071.115)&#10;  (Driver info: chromedriver=2.28.455520 (cc17746adff54984afff480136733114c6b3704b),platform=Windows NT 6.3.9600 x86_64) (WARNING: The server did not provide any stacktrace information)&#10;Command duration or timeout: 7 milliseconds&#10;Build info: version: &apos;2.53.0&apos;, revision: &apos;35ae25b1534ae328c771e0856c93e187490ca824&apos;, time: &apos;2016-03-15 10:43:46&apos;&#10;System info: host: &apos;Compumatrice&apos;, ip: &apos;192.168.99.1&apos;, os.name: &apos;Windows 8.1&apos;, os.arch: &apos;amd64&apos;, os.version: &apos;6.3&apos;, java.version: &apos;1.8.0_131&apos;&#10;Driver info: org.openqa.selenium.chrome.ChromeDriver&#10;Capabilities [{applicationCacheEnabled=false, rotatable=false, mobileEmulationEnabled=false, networkConnectionEnabled=false, chrome={chromedriverVersion=2.28.455520 (cc17746adff54984afff480136733114c6b3704b), userDataDir=C:\Users\RAHUL_~1\AppData\Local\Temp\scoped_dir4420_31946}, takesHeapSnapshot=true, pageLoadStrategy=normal, databaseEnabled=false, handlesAlerts=true, hasTouchScreen=false, version=59.0.3071.115, platform=WIN8_1, browserConnectionEnabled=false, nativeEvents=true, acceptSslCerts=true, locationContextEnabled=true, webStorageEnabled=true, browserName=chrome, takesScreenshot=true, javascriptEnabled=true, cssSelectorsEnabled=true, unexpectedAlertBehaviour=}]&#10;Session ID: 22654f66b3bbbe5b69f09120008cd99c&#10;*** Element info: {Using=xpath, value=html/body/div[2]/div/div/div/div/div[1]/div[2]/div[2]/ul/li/a[text()=&apos;Assemble&apos;]}" type="org.openqa.selenium.NoSuchWindowException">org.openqa.selenium.NoSuchWindowException: no such window: target window already closed
from unknown error: web view not found
  (Session info: chrome=59.0.3071.115)
  (Driver info: chromedriver=2.28.455520 (cc17746adff54984afff480136733114c6b3704b),platform=Windows NT 6.3.9600 x86_64) (WARNING: The server did not provide any stacktrace information)
Command duration or timeout: 7 milliseconds
Build info: version: '2.53.0', revision: '35ae25b1534ae328c771e0856c93e187490ca824', time: '2016-03-15 10:43:46'
System info: host: 'Compumatrice', ip: '192.168.99.1', os.name: 'Windows 8.1', os.arch: 'amd64', os.version: '6.3', java.version: '1.8.0_131'
Driver info: org.openqa.selenium.chrome.ChromeDriver
Capabilities [{applicationCacheEnabled=false, rotatable=false, mobileEmulationEnabled=false, networkConnectionEnabled=false, chrome={chromedriverVersion=2.28.455520 (cc17746adff54984afff480136733114c6b3704b), userDataDir=C:\Users\RAHUL_~1\AppData\Local\Temp\scoped_dir4420_31946}, takesHeapSnapshot=true, pageLoadStrategy=normal, databaseEnabled=false, handlesAlerts=true, hasTouchScreen=false, version=59.0.3071.115, platform=WIN8_1, browserConnectionEnabled=false, nativeEvents=true, acceptSslCerts=true, locationContextEnabled=true, webStorageEnabled=true, browserName=chrome, takesScreenshot=true, javascriptEnabled=true, cssSelectorsEnabled=true, unexpectedAlertBehaviour=}]
Session ID: 22654f66b3bbbe5b69f09120008cd99c
*** Element info: {Using=xpath, value=html/body/div[2]/div/div/div/div/div[1]/div[2]/div[2]/ul/li/a[text()='Assemble']}
	at sun.reflect.NativeConstructorAccessorImpl.newInstance0(Native Method)
	at sun.reflect.NativeConstructorAccessorImpl.newInstance(NativeConstructorAccessorImpl.java:62)
	at sun.reflect.DelegatingConstructorAccessorImpl.newInstance(DelegatingConstructorAccessorImpl.java:45)
	at java.lang.reflect.Constructor.newInstance(Constructor.java:423)
	at org.openqa.selenium.remote.ErrorHandler.createThrowable(ErrorHandler.java:206)
	at org.openqa.selenium.remote.ErrorHandler.throwIfResponseFailed(ErrorHandler.java:158)
	at org.openqa.selenium.remote.RemoteWebDriver.execute(RemoteWebDriver.java:678)
	at org.openqa.selenium.remote.RemoteWebDriver.findElement(RemoteWebDriver.java:363)
	at org.openqa.selenium.remote.RemoteWebDriver.findElementByXPath(RemoteWebDriver.java:500)
	at org.openqa.selenium.By$ByXPath.findElement(By.java:361)
	at org.openqa.selenium.remote.RemoteWebDriver.findElement(RemoteWebDriver.java:355)
	at org.openqa.selenium.support.pagefactory.DefaultElementLocator.findElement(DefaultElementLocator.java:69)
	at org.openqa.selenium.support.pagefactory.internal.LocatingElementHandler.invoke(LocatingElementHandler.java:38)
	at com.sun.proxy.$Proxy3.getWrappedElement(Unknown Source)
	at org.openqa.selenium.remote.internal.WebElementToJsonConverter.apply(WebElementToJsonConverter.java:49)
	at com.google.common.collect.Iterators$8.transform(Iterators.java:817)
	at com.google.common.collect.TransformedIterator.next(TransformedIterator.java:48)
	at com.google.common.collect.Iterators.addAll(Iterators.java:365)
	at com.google.common.collect.Lists.newArrayList(Lists.java:162)
	at com.google.common.collect.Lists.newArrayList(Lists.java:146)
	at org.openqa.selenium.remote.RemoteWebDriver.executeScript(RemoteWebDriver.java:572)
	at all_files.Assemble_Tab.HighlightElement(Assemble_Tab.java:173)
	at all_files.Assemble_Tab.Download_Report(Assemble_Tab.java:525)
	at main_file.Main_Report_Delivery.Download_Report(Main_Report_Delivery.java:24)
</failure>
  </testcase>
  <testcase name="View_Transmittal_Letter" classname="main_file.Main_Report_Delivery" time="0.011"/>
  <testcase name="View_Cover_Page" classname="main_file.Main_Report_Delivery" time="0.031"/>
  <testcase name="Edit_Transmittal_Letter" classname="main_file.Main_Report_Delivery" time="0.01"/>
  <testcase name="Edit_Cover_Page" classname="main_file.Main_Report_Delivery" time="0.018"/>
  <testcase name="Download_Previously_Generated_Reports" classname="main_file.Main_Report_Delivery" time="0.026"/>
  <testcase name="Upload_Document_Transmittal_Letter" classname="main_file.Main_Report_Delivery" time="0.012"/>
  <testcase name="Upload_Document_Cover_Page" classname="main_file.Main_Report_Delivery" time="0.008"/>
  <testcase name="Upload_Invalid_File_Transmittal_Letter" classname="main_file.Main_Report_Delivery" time="0.01"/>
  <testcase name="Upload_Invalid_File_Cover_Page" classname="main_file.Main_Report_Delivery" time="0.01"/>
  <testcase name="Email_Link_To_Client" classname="main_file.Main_Report_Delivery" time="0.014"/>
  <testcase name="Disable_Email_Link" classname="main_file.Main_Report_Delivery" time="0.007"/>
  <testcase name="LogOut" classname="main_file.Main_Report_Delivery" time="0.012">
    <failure message="no such window: target window already closed&#10;from unknown error: web view not found&#10;  (Session info: chrome=59.0.3071.115)&#10;  (Driver info: chromedriver=2.28.455520 (cc17746adff54984afff480136733114c6b3704b),platform=Windows NT 6.3.9600 x86_64) (WARNING: The server did not provide any stacktrace information)&#10;Command duration or timeout: 4 milliseconds&#10;Build info: version: &apos;2.53.0&apos;, revision: &apos;35ae25b1534ae328c771e0856c93e187490ca824&apos;, time: &apos;2016-03-15 10:43:46&apos;&#10;System info: host: &apos;Compumatrice&apos;, ip: &apos;192.168.99.1&apos;, os.name: &apos;Windows 8.1&apos;, os.arch: &apos;amd64&apos;, os.version: &apos;6.3&apos;, java.version: &apos;1.8.0_131&apos;&#10;Driver info: org.openqa.selenium.chrome.ChromeDriver&#10;Capabilities [{applicationCacheEnabled=false, rotatable=false, mobileEmulationEnabled=false, networkConnectionEnabled=false, chrome={chromedriverVersion=2.28.455520 (cc17746adff54984afff480136733114c6b3704b), userDataDir=C:\Users\RAHUL_~1\AppData\Local\Temp\scoped_dir4420_31946}, takesHeapSnapshot=true, pageLoadStrategy=normal, databaseEnabled=false, handlesAlerts=true, hasTouchScreen=false, version=59.0.3071.115, platform=WIN8_1, browserConnectionEnabled=false, nativeEvents=true, acceptSslCerts=true, locationContextEnabled=true, webStorageEnabled=true, browserName=chrome, takesScreenshot=true, javascriptEnabled=true, cssSelectorsEnabled=true, unexpectedAlertBehaviour=}]&#10;Session ID: 22654f66b3bbbe5b69f09120008cd99c&#10;*** Element info: {Using=xpath, value=html/body/div[1]/div/nav/div/ul/li[8]/a}" type="org.openqa.selenium.NoSuchWindowException">org.openqa.selenium.NoSuchWindowException: no such window: target window already closed
from unknown error: web view not found
  (Session info: chrome=59.0.3071.115)
  (Driver info: chromedriver=2.28.455520 (cc17746adff54984afff480136733114c6b3704b),platform=Windows NT 6.3.9600 x86_64) (WARNING: The server did not provide any stacktrace information)
Command duration or timeout: 4 milliseconds
Build info: version: '2.53.0', revision: '35ae25b1534ae328c771e0856c93e187490ca824', time: '2016-03-15 10:43:46'
System info: host: 'Compumatrice', ip: '192.168.99.1', os.name: 'Windows 8.1', os.arch: 'amd64', os.version: '6.3', java.version: '1.8.0_131'
Driver info: org.openqa.selenium.chrome.ChromeDriver
Capabilities [{applicationCacheEnabled=false, rotatable=false, mobileEmulationEnabled=false, networkConnectionEnabled=false, chrome={chromedriverVersion=2.28.455520 (cc17746adff54984afff480136733114c6b3704b), userDataDir=C:\Users\RAHUL_~1\AppData\Local\Temp\scoped_dir4420_31946}, takesHeapSnapshot=true, pageLoadStrategy=normal, databaseEnabled=false, handlesAlerts=true, hasTouchScreen=false, version=59.0.3071.115, platform=WIN8_1, browserConnectionEnabled=false, nativeEvents=true, acceptSslCerts=true, locationContextEnabled=true, webStorageEnabled=true, browserName=chrome, takesScreenshot=true, javascriptEnabled=true, cssSelectorsEnabled=true, unexpectedAlertBehaviour=}]
Session ID: 22654f66b3bbbe5b69f09120008cd99c
*** Element info: {Using=xpath, value=html/body/div[1]/div/nav/div/ul/li[8]/a}
	at sun.reflect.NativeConstructorAccessorImpl.newInstance0(Native Method)
	at sun.reflect.NativeConstructorAccessorImpl.newInstance(NativeConstructorAccessorImpl.java:62)
	at sun.reflect.DelegatingConstructorAccessorImpl.newInstance(DelegatingConstructorAccessorImpl.java:45)
	at java.lang.reflect.Constructor.newInstance(Constructor.java:423)
	at org.openqa.selenium.remote.ErrorHandler.createThrowable(ErrorHandler.java:206)
	at org.openqa.selenium.remote.ErrorHandler.throwIfResponseFailed(ErrorHandler.java:158)
	at org.openqa.selenium.remote.RemoteWebDriver.execute(RemoteWebDriver.java:678)
	at org.openqa.selenium.remote.RemoteWebDriver.findElement(RemoteWebDriver.java:363)
	at org.openqa.selenium.remote.RemoteWebDriver.findElementByXPath(RemoteWebDriver.java:500)
	at org.openqa.selenium.By$ByXPath.findElement(By.java:361)
	at org.openqa.selenium.remote.RemoteWebDriver.findElement(RemoteWebDriver.java:355)
	at org.openqa.selenium.support.pagefactory.DefaultElementLocator.findElement(DefaultElementLocator.java:69)
	at org.openqa.selenium.support.pagefactory.internal.LocatingElementHandler.invoke(LocatingElementHandler.java:38)
	at com.sun.proxy.$Proxy3.getWrappedElement(Unknown Source)
	at org.openqa.selenium.remote.internal.WebElementToJsonConverter.apply(WebElementToJsonConverter.java:49)
	at com.google.common.collect.Iterators$8.transform(Iterators.java:817)
	at com.google.common.collect.TransformedIterator.next(TransformedIterator.java:48)
	at com.google.common.collect.Iterators.addAll(Iterators.java:365)
	at com.google.common.collect.Lists.newArrayList(Lists.java:162)
	at com.google.common.collect.Lists.newArrayList(Lists.java:146)
	at org.openqa.selenium.remote.RemoteWebDriver.executeScript(RemoteWebDriver.java:572)
	at all_files.Assemble_Tab.HighlightElement(Assemble_Tab.java:173)
	at all_files.Assemble_Tab.LogOut(Assemble_Tab.java:683)
	at main_file.Main_Report_Delivery.LogOut(Main_Report_Delivery.java:84)
</failure>
  </testcase>
</testsuite>