<?xml version="1.0" encoding="UTF-8"?>
<!-- Generated by org.testng.reporters.JUnitXMLReporter -->
<testsuite hostname="Compumatrice" name="Default test" tests="3" failures="0" timestamp="11 Jul 2017 09:50:17 GMT" time="245.975" errors="0">
  <testcase name="startbrowser" time="10.653" classname="test_collection.Report_Writing_Tests"/>
  <testcase name="Login" time="27.727" classname="test_collection.Report_Writing_Tests"/>
  <testcase name="Drag_Drop_Library" time="207.569" classname="test_collection.Report_Writing_Tests"/>
</testsuite> <!-- Default test -->
